# JRE version: OpenJDK Runtime Environment (11.0.8) (build 11.0.8+0-b944-P17168821)
# Java VM: OpenJDK 64-Bit Server VM (11.0.8+0-b944-6842174, mixed mode, tiered, compressed oops, g1 gc, linux-amd64)
Heap:
 garbage-first heap   total 339968K, used 251413K [0x0000000080000000, 0x0000000100000000)
  region size 1024K, 33 young (33792K), 8 survivors (8192K)
 Metaspace       used 125129K, capacity 128417K, committed 128752K, reserved 1161216K
  class space    used 15516K, capacity 16616K, committed 16664K, reserved 1048576K
GC Heap History (20 events):
Event: 478.338 GC heap before
{Heap before GC invocations=20 (full 0):
 garbage-first heap   total 339968K, used 262268K [0x0000000080000000, 0x0000000100000000)
  region size 1024K, 158 young (161792K), 16 survivors (16384K)
 Metaspace       used 108737K, capacity 111776K, committed 112000K, reserved 1146880K
  class space    used 13613K, capacity 14629K, committed 14720K, reserved 1048576K
}
Event: 478.402 GC heap after
{Heap after GC invocations=21 (full 0):
 garbage-first heap   total 339968K, used 132774K [0x0000000080000000, 0x0000000100000000)
  region size 1024K, 20 young (20480K), 20 survivors (20480K)
 Metaspace       used 108737K, capacity 111776K, committed 112000K, reserved 1146880K
  class space    used 13613K, capacity 14629K, committed 14720K, reserved 1048576K
}
Event: 479.804 GC heap before
{Heap before GC invocations=21 (full 0):
 garbage-first heap   total 339968K, used 232102K [0x0000000080000000, 0x0000000100000000)
  region size 1024K, 95 young (97280K), 20 survivors (20480K)
 Metaspace       used 111668K, capacity 114689K, committed 114776K, reserved 1148928K
  class space    used 13942K, capacity 14972K, committed 14976K, reserved 1048576K
}
Event: 479.881 GC heap after
{Heap after GC invocations=22 (full 0):
 garbage-first heap   total 339968K, used 141823K [0x0000000080000000, 0x0000000100000000)
  region size 1024K, 8 young (8192K), 8 survivors (8192K)
 Metaspace       used 111668K, capacity 114689K, committed 114776K, reserved 1148928K
  class space    used 13942K, capacity 14972K, committed 14976K, reserved 1048576K
}
Event: 481.597 GC heap before
{Heap before GC invocations=23 (full 0):
 garbage-first heap   total 339968K, used 239103K [0x0000000080000000, 0x0000000100000000)
  region size 1024K, 104 young (106496K), 8 survivors (8192K)
 Metaspace       used 115644K, capacity 118638K, committed 119280K, reserved 1153024K
  class space    used 14247K, capacity 15239K, committed 15384K, reserved 1048576K
}
Event: 481.645 GC heap after
{Heap after GC invocations=24 (full 0):
 garbage-first heap   total 339968K, used 142296K [0x0000000080000000, 0x0000000100000000)
  region size 1024K, 2 young (2048K), 2 survivors (2048K)
 Metaspace       used 115644K, capacity 118638K, committed 119280K, reserved 1153024K
  class space    used 14247K, capacity 15239K, committed 15384K, reserved 1048576K
}
Event: 483.510 GC heap before
{Heap before GC invocations=25 (full 0):
 garbage-first heap   total 339968K, used 237528K [0x0000000080000000, 0x0000000100000000)
  region size 1024K, 108 young (110592K), 2 survivors (2048K)
 Metaspace       used 118153K, capacity 121157K, committed 121584K, reserved 1155072K
  class space    used 14526K, capacity 15520K, committed 15640K, reserved 1048576K
}
Event: 483.541 GC heap after
{Heap after GC invocations=26 (full 0):
 garbage-first heap   total 339968K, used 134308K [0x0000000080000000, 0x0000000100000000)
  region size 1024K, 7 young (7168K), 7 survivors (7168K)
 Metaspace       used 118153K, capacity 121157K, committed 121584K, reserved 1155072K
  class space    used 14526K, capacity 15520K, committed 15640K, reserved 1048576K
}
Event: 483.640 GC heap before
{Heap before GC invocations=26 (full 0):
 garbage-first heap   total 339968K, used 142500K [0x0000000080000000, 0x0000000100000000)
  region size 1024K, 16 young (16384K), 7 survivors (7168K)
 Metaspace       used 118366K, capacity 121434K, committed 121840K, reserved 1155072K
  class space    used 14564K, capacity 15591K, committed 15640K, reserved 1048576K
}
Event: 483.667 GC heap after
{Heap after GC invocations=27 (full 0):
 garbage-first heap   total 339968K, used 129024K [0x0000000080000000, 0x0000000100000000)
  region size 1024K, 1 young (1024K), 1 survivors (1024K)
 Metaspace       used 118366K, capacity 121434K, committed 121840K, reserved 1155072K
  class space    used 14564K, capacity 15591K, committed 15640K, reserved 1048576K
}
Event: 484.080 GC heap before
{Heap before GC invocations=27 (full 0):
 garbage-first heap   total 339968K, used 194560K [0x0000000080000000, 0x0000000100000000)
  region size 1024K, 43 young (44032K), 1 survivors (1024K)
 Metaspace       used 119365K, capacity 122473K, committed 122736K, reserved 1157120K
  class space    used 14689K, capacity 15737K, committed 15768K, reserved 1048576K
}
Event: 484.097 GC heap after
{Heap after GC invocations=28 (full 0):
 garbage-first heap   total 339968K, used 153512K [0x0000000080000000, 0x0000000100000000)
  region size 1024K, 8 young (8192K), 8 survivors (8192K)
 Metaspace       used 119365K, capacity 122473K, committed 122736K, reserved 1157120K
  class space    used 14689K, capacity 15737K, committed 15768K, reserved 1048576K
}
Event: 485.367 GC heap before
{Heap before GC invocations=29 (full 0):
 garbage-first heap   total 339968K, used 258984K [0x0000000080000000, 0x0000000100000000)
  region size 1024K, 107 young (109568K), 8 survivors (8192K)
 Metaspace       used 122527K, capacity 125766K, committed 125936K, reserved 1159168K
  class space    used 15224K, capacity 16309K, committed 16408K, reserved 1048576K
}
Event: 485.442 GC heap after
{Heap after GC invocations=30 (full 0):
 garbage-first heap   total 339968K, used 177132K [0x0000000080000000, 0x0000000100000000)
  region size 1024K, 14 young (14336K), 14 survivors (14336K)
 Metaspace       used 122527K, capacity 125766K, committed 125936K, reserved 1159168K
  class space    used 15224K, capacity 16309K, committed 16408K, reserved 1048576K
}
Event: 485.483 GC heap before
{Heap before GC invocations=30 (full 0):
 garbage-first heap   total 339968K, used 179180K [0x0000000080000000, 0x0000000100000000)
  region size 1024K, 16 young (16384K), 14 survivors (14336K)
 Metaspace       used 122541K, capacity 125766K, committed 125936K, reserved 1159168K
  class space    used 15224K, capacity 16309K, committed 16408K, reserved 1048576K
}
Event: 485.538 GC heap after
{Heap after GC invocations=31 (full 0):
 garbage-first heap   total 339968K, used 178176K [0x0000000080000000, 0x0000000100000000)
  region size 1024K, 2 young (2048K), 2 survivors (2048K)
 Metaspace       used 122541K, capacity 125766K, committed 125936K, reserved 1159168K
  class space    used 15224K, capacity 16309K, committed 16408K, reserved 1048576K
}
Event: 486.372 GC heap before
{Heap before GC invocations=31 (full 0):
 garbage-first heap   total 339968K, used 261120K [0x0000000080000000, 0x0000000100000000)
  region size 1024K, 84 young (86016K), 2 survivors (2048K)
 Metaspace       used 123349K, capacity 126581K, committed 126704K, reserved 1159168K
  class space    used 15310K, capacity 16385K, committed 16408K, reserved 1048576K
}
Event: 486.439 GC heap after
{Heap after GC invocations=32 (full 0):
 garbage-first heap   total 339968K, used 218112K [0x0000000080000000, 0x0000000100000000)
  region size 1024K, 11 young (11264K), 11 survivors (11264K)
 Metaspace       used 123349K, capacity 126581K, committed 126704K, reserved 1159168K
  class space    used 15310K, capacity 16385K, committed 16408K, reserved 1048576K
}
Event: 487.106 GC heap before
{Heap before GC invocations=32 (full 0):
 garbage-first heap   total 339968K, used 267264K [0x0000000080000000, 0x0000000100000000)
  region size 1024K, 60 young (61440K), 11 survivors (11264K)
 Metaspace       used 124951K, capacity 128206K, committed 128496K, reserved 1161216K
  class space    used 15495K, capacity 16610K, committed 16664K, reserved 1048576K
}
Event: 487.163 GC heap after
{Heap after GC invocations=33 (full 0):
 garbage-first heap   total 339968K, used 226837K [0x0000000080000000, 0x0000000100000000)
  region size 1024K, 8 young (8192K), 8 survivors (8192K)
 Metaspace       used 124951K, capacity 128206K, committed 128496K, reserved 1161216K
  class space    used 15495K, capacity 16610K, committed 16664K, reserved 1048576K
}

